2021-05-13 18:12:12 INFO  SortBySymbolAmountInDescendingOrderThenInNaturalOrder - Text was parsed, result: 	It has survived - not only (five) centuries, but also the leap into 52 electronic 
typesetting, remaining 0 essentially 9 unchanged. It was popularized in the 
51 with the release of Letraset sheets containing Lorem Ipsum 
passages, and more recently with desktop publishing software like Aldus PageMaker including 
versions of Lorem Ipsum. 

	It is a long established fact that a reader will be distracted by the readable content of a 
page when looking at its layout. The point of using 78 
Ipsum it that it has a more-or-less normal distribution of letters, as opposed to using (Content 
here), content here, making it look like readable English. 

	It is a 1200 established fact that a reader will be of page when 
looking at its layout. 

	Bye. 


2021-05-13 18:12:12 INFO  SortBySymbolAmountInDescendingOrderThenInNaturalOrder - Text was sorted, result: release
Letraset
PageMaker
centuries
electronic
essentially
established
here
here)
letters
more-or-less
readable
reader
recently
sheets
typesetting
(Content
(five)
Bye
Lorem
The
be
content
desktop
distracted
leap
like
more
opposed
page
passages
popularized
remaining
software
survived
the
unchanged
versions
when


 
,
-
.
0
1200
51
52
78
9
Aldus
English
Ipsum
It
a
also
and
as
at
but
by
containing
distribution
fact
has
in
including
into
is
it
its
layout
long
look
looking
making
normal
not
of
only
point
publishing
that
to
using
was
will
with

2021-05-13 18:12:12 INFO  SortParagraphsBySentencesAmount - Text was parsed, result: 	It has survived - not only (five) centuries, but also the leap into 52 electronic 
typesetting, remaining 0 essentially 9 unchanged. It was popularized in the 
51 with the release of Letraset sheets containing Lorem Ipsum 
passages, and more recently with desktop publishing software like Aldus PageMaker including 
versions of Lorem Ipsum. 

	It is a long established fact that a reader will be distracted by the readable content of a 
page when looking at its layout. The point of using 78 
Ipsum it that it has a more-or-less normal distribution of letters, as opposed to using (Content 
here), content here, making it look like readable English. 

	It is a 1200 established fact that a reader will be of page when 
looking at its layout. 

	Bye. 


2021-05-13 18:12:12 INFO  SortParagraphsBySentencesAmount - Text was sorted, result: com.epam.jwd.composer.impl.Paragraph@49e5b070com.epam.jwd.composer.impl.Paragraph@40e671c0com.epam.jwd.composer.impl.Paragraph@5c878cdfcom.epam.jwd.composer.impl.Paragraph@134e3c38
2021-05-13 18:12:12 INFO  SortSentencesByWordsLength - Text was parsed, result: 	It has survived - not only (five) centuries, but also the leap into 52 electronic 
typesetting, remaining 0 essentially 9 unchanged. It was popularized in the 
51 with the release of Letraset sheets containing Lorem Ipsum 
passages, and more recently with desktop publishing software like Aldus PageMaker including 
versions of Lorem Ipsum. 

	It is a long established fact that a reader will be distracted by the readable content of a 
page when looking at its layout. The point of using 78 
Ipsum it that it has a more-or-less normal distribution of letters, as opposed to using (Content 
here), content here, making it look like readable English. 

	It is a 1200 established fact that a reader will be of page when 
looking at its layout. 

	Bye. 


2021-05-13 18:12:12 INFO  SortSentencesByWordsLength - Text was sorted, result: Bye. 
It is a 1200 established fact that a reader will be of page when  looking at its layout. 
It is a long established fact that a reader will be distracted by the readable content of a  page when looking at its layout. 
It has survived - not only (five) centuries, but also the leap into 52 electronic  typesetting, remaining 0 essentially 9 unchanged. 
The point of using 78  Ipsum it that it has a more-or-less normal distribution of letters, as opposed to using (Content  here), content here, making it look like readable English. 
It was popularized in the  51 with the release of Letraset sheets containing Lorem Ipsum  passages, and more recently with desktop publishing software like Aldus PageMaker including  versions of Lorem Ipsum. 

2021-05-13 18:12:16 INFO  SortBySymbolAmountInDescendingOrderThenInNaturalOrder - Text was parsed, result: 	Hello, this is test text. 

	And another one. 


2021-05-13 18:12:16 INFO  SortBySymbolAmountInDescendingOrderThenInNaturalOrder - Text was sorted, result: Hello
another
one
test
text
 
,
.
And
is
this

2021-05-13 18:12:16 INFO  SortParagraphsBySentencesAmount - Text was parsed, result: 	Hello, this is test string. 

	This is another string. And another one. And other. 


2021-05-13 18:12:16 INFO  SortParagraphsBySentencesAmount - Text was sorted, result: com.epam.jwd.composer.impl.Paragraph@15c76077com.epam.jwd.composer.impl.Paragraph@66b96c44
2021-05-13 18:12:16 INFO  SortSentencesByWordsLength - Text was parsed, result: 	This is the test string. 

	This is another test string. 


2021-05-13 18:12:16 INFO  SortSentencesByWordsLength - Text was sorted, result: This is the test string. 
This is another test string. 

